<?xml version="1.0" encoding="UTF-8"?><testsuite errors="4" failures="0" name="Calculator" skipped="0" tests="4" time="1.03" timestamp="2018-04-01T17:27:02.226+03:00[Europe/Helsinki]"><testcase name="scenario addition"><error message="Expected static method net.thucydides.core.steps.StepAnnotations.injectScenarioStepsInto(Ljava/lang/Object;Lnet/thucydides/core/steps/StepFactory;)V" type="java.lang.IncompatibleClassChangeError">Expected static method net.thucydides.core.steps.StepAnnotations.injectScenarioStepsInto(Ljava/lang/Object;Lnet/thucydides/core/steps/StepFactory;)V</error><system-err>Expected static method net.thucydides.core.steps.StepAnnotations.injectScenarioStepsInto(Ljava/lang/Object;Lnet/thucydides/core/steps/StepFactory;)V&#13;
</system-err></testcase><testcase name="scenario substruction"><error message="Expected static method net.thucydides.core.steps.StepAnnotations.injectScenarioStepsInto(Ljava/lang/Object;Lnet/thucydides/core/steps/StepFactory;)V" type="java.lang.IncompatibleClassChangeError">Expected static method net.thucydides.core.steps.StepAnnotations.injectScenarioStepsInto(Ljava/lang/Object;Lnet/thucydides/core/steps/StepFactory;)V</error><system-err>Expected static method net.thucydides.core.steps.StepAnnotations.injectScenarioStepsInto(Ljava/lang/Object;Lnet/thucydides/core/steps/StepFactory;)V&#13;
</system-err></testcase><testcase name="scenario multiplication"><error message="Expected static method net.thucydides.core.steps.StepAnnotations.injectScenarioStepsInto(Ljava/lang/Object;Lnet/thucydides/core/steps/StepFactory;)V" type="java.lang.IncompatibleClassChangeError">Expected static method net.thucydides.core.steps.StepAnnotations.injectScenarioStepsInto(Ljava/lang/Object;Lnet/thucydides/core/steps/StepFactory;)V</error><system-err>Expected static method net.thucydides.core.steps.StepAnnotations.injectScenarioStepsInto(Ljava/lang/Object;Lnet/thucydides/core/steps/StepFactory;)V&#13;
</system-err></testcase><testcase name="scenario division"><error message="Expected static method net.thucydides.core.steps.StepAnnotations.injectScenarioStepsInto(Ljava/lang/Object;Lnet/thucydides/core/steps/StepFactory;)V" type="java.lang.IncompatibleClassChangeError">Expected static method net.thucydides.core.steps.StepAnnotations.injectScenarioStepsInto(Ljava/lang/Object;Lnet/thucydides/core/steps/StepFactory;)V</error><system-err>Expected static method net.thucydides.core.steps.StepAnnotations.injectScenarioStepsInto(Ljava/lang/Object;Lnet/thucydides/core/steps/StepFactory;)V&#13;
</system-err></testcase></testsuite>